<?xml version="1.0" encoding="UTF-8"?>
<!-- Generated by org.testng.reporters.JUnitReportReporter -->
<testsuite hostname="Tarun" failures="0" tests="1" name="com.nowonline.qa.testcases.MyAssignmentsPageTest" time="82.078" errors="0" timestamp="2023-07-05T12:05:05 IST" skipped="0">
  <testcase classname="com.nowonline.qa.testcases.MyAssignmentsPageTest" name="myAssignmentsPageTest" time="82.078"/>
  <system-out/>
</testsuite> <!-- com.nowonline.qa.testcases.MyAssignmentsPageTest -->
