<?xml version="1.0" encoding="UTF-8"?>
<!-- Generated by org.testng.reporters.JUnitReportReporter -->
<testsuite hostname="Tarun" failures="0" tests="1" name="com.nowonline.qa.testcases.BusinessesPageFreeTest" time="81.945" errors="0" timestamp="2023-08-07T17:56:01 IST" skipped="0">
  <testcase classname="com.nowonline.qa.testcases.BusinessesPageFreeTest" name="businessesPageFree" time="81.945"/>
  <system-out/>
</testsuite> <!-- com.nowonline.qa.testcases.BusinessesPageFreeTest -->
