<?xml version="1.0" encoding="UTF-8"?>
<!-- Generated by org.testng.reporters.JUnitReportReporter -->
<testsuite hostname="NO-002-QA" failures="0" tests="3" name="com.nowonline.qa.testcases.LoginPageTest" time="22.474" errors="0" timestamp="2023-12-27T20:26:12 IST" skipped="0">
  <testcase classname="com.nowonline.qa.testcases.LoginPageTest" name="loginPageTitleTest" time="5.225"/>
  <system-out/>
  <testcase classname="com.nowonline.qa.testcases.LoginPageTest" name="imageLogoTest" time="7.285"/>
  <system-out/>
  <testcase classname="com.nowonline.qa.testcases.LoginPageTest" name="loginTest" time="9.964"/>
  <system-out/>
</testsuite> <!-- com.nowonline.qa.testcases.LoginPageTest -->
