<?xml version="1.0" encoding="UTF-8"?>
<!-- Generated by org.testng.reporters.JUnitReportReporter -->
<testsuite hostname="NO-002-QA" failures="0" tests="3" name="com.nowonline.qa.testcases.LoginPageTest" time="18.573" errors="0" timestamp="2023-12-28T16:57:16 IST" skipped="0">
  <testcase classname="com.nowonline.qa.testcases.LoginPageTest" name="loginPageTitleTest" time="4.394"/>
  <system-out/>
  <testcase classname="com.nowonline.qa.testcases.LoginPageTest" name="imageLogoTest" time="5.686"/>
  <system-out/>
  <testcase classname="com.nowonline.qa.testcases.LoginPageTest" name="loginTest" time="8.493"/>
  <system-out/>
</testsuite> <!-- com.nowonline.qa.testcases.LoginPageTest -->
