<?xml version="1.0" encoding="UTF-8"?>
<!-- Generated by org.testng.reporters.JUnitReportReporter -->
<testsuite hostname="Tarun" failures="0" tests="3" name="com.nowonline.qa.testcases.LoginPageTest" time="31.392" errors="0" timestamp="2023-07-07T20:34:07 IST" skipped="0">
  <testcase classname="com.nowonline.qa.testcases.LoginPageTest" name="loginPageTitleTest" time="9.718"/>
  <system-out/>
  <testcase classname="com.nowonline.qa.testcases.LoginPageTest" name="imageLogoTest" time="10.628"/>
  <system-out/>
  <testcase classname="com.nowonline.qa.testcases.LoginPageTest" name="loginTest" time="11.046"/>
  <system-out/>
</testsuite> <!-- com.nowonline.qa.testcases.LoginPageTest -->
