<?xml version="1.0" encoding="UTF-8"?>
<!-- Generated by org.testng.reporters.JUnitReportReporter -->
<testsuite hostname="Tarun" failures="0" tests="1" name="com.nowonline.qa.testcases.UlogoMyassignmentsPageTest" time="98.482" errors="0" timestamp="2023-08-24T14:50:36 IST" skipped="0">
  <testcase classname="com.nowonline.qa.testcases.UlogoMyassignmentsPageTest" name="UlogoMyassignmentsPage" time="98.482"/>
  <system-out/>
</testsuite> <!-- com.nowonline.qa.testcases.UlogoMyassignmentsPageTest -->
