<?xml version="1.0" encoding="UTF-8"?>
<!-- Generated by org.testng.reporters.JUnitReportReporter -->
<testsuite hostname="Tarun" failures="0" tests="1" name="com.nowonline.qa.testcases.HomePageFreeTest" time="47.612" errors="0" timestamp="2023-07-07T20:35:33 IST" skipped="0">
  <testcase classname="com.nowonline.qa.testcases.HomePageFreeTest" name="clickAssignmentLinkTest" time="47.612"/>
  <system-out/>
</testsuite> <!-- com.nowonline.qa.testcases.HomePageFreeTest -->
