<?xml version="1.0" encoding="UTF-8"?>
<!-- Generated by org.testng.reporters.JUnitReportReporter -->
<testsuite hostname="Tarun" failures="0" tests="1" name="com.nowonline.qa.testcases.UlogoMydashboardPageTest" time="49.328" errors="0" timestamp="2023-08-11T12:06:36 IST" skipped="0">
  <testcase classname="com.nowonline.qa.testcases.UlogoMydashboardPageTest" name="myDashboard" time="49.328"/>
  <system-out/>
</testsuite> <!-- com.nowonline.qa.testcases.UlogoMydashboardPageTest -->
