<?xml version="1.0" encoding="UTF-8"?>
<!-- Generated by org.testng.reporters.JUnitReportReporter -->
<testsuite hostname="Tarun" failures="0" tests="1" name="com.nowonline.qa.testcases.CommunityPageAdminTest" time="117.176" errors="0" timestamp="2023-08-01T18:58:23 IST" skipped="0">
  <testcase classname="com.nowonline.qa.testcases.CommunityPageAdminTest" name="community" time="117.176"/>
  <system-out/>
</testsuite> <!-- com.nowonline.qa.testcases.CommunityPageAdminTest -->
