<?xml version="1.0" encoding="UTF-8"?>
<!-- Generated by org.testng.reporters.JUnitReportReporter -->
<testsuite hostname="Tarun" failures="0" tests="1" name="com.nowonline.qa.testcases.EntrepreneursPageFreeTest" time="126.013" errors="0" timestamp="2023-07-24T15:46:18 IST" skipped="0">
  <testcase classname="com.nowonline.qa.testcases.EntrepreneursPageFreeTest" name="entrepreneurPageFilter" time="126.013"/>
  <system-out/>
</testsuite> <!-- com.nowonline.qa.testcases.EntrepreneursPageFreeTest -->
