<?xml version="1.0" encoding="UTF-8"?>
<!-- Generated by org.testng.reporters.JUnitReportReporter -->
<testsuite hostname="Tarun" failures="0" tests="1" name="com.nowonline.qa.testcases.AssignmentsPageAdminTest" time="301.288" errors="0" timestamp="2023-08-07T15:49:41 IST" skipped="0">
  <testcase classname="com.nowonline.qa.testcases.AssignmentsPageAdminTest" name="assignmentsPage" time="301.288"/>
  <system-out/>
</testsuite> <!-- com.nowonline.qa.testcases.AssignmentsPageAdminTest -->
