<?xml version="1.0" encoding="UTF-8"?>
<!-- Generated by org.testng.reporters.JUnitReportReporter -->
<testsuite hostname="Tarun" failures="0" tests="1" name="com.nowonline.qa.testcases.CompleteAssignmentTest" time="176.468" errors="0" timestamp="2023-08-07T17:07:02 IST" skipped="0">
  <testcase classname="com.nowonline.qa.testcases.CompleteAssignmentTest" name="completeAssignmentTest" time="176.468"/>
  <system-out/>
</testsuite> <!-- com.nowonline.qa.testcases.CompleteAssignmentTest -->
