<?xml version="1.0" encoding="UTF-8"?>
<!-- Generated by org.testng.reporters.JUnitReportReporter -->
<testsuite hostname="NO-002-QA" failures="0" tests="1" name="com.nowonline.qa.testcases.UlogoMyassignmentsPageTest" time="105.439" errors="0" timestamp="2023-09-21T20:11:46 IST" skipped="0">
  <testcase classname="com.nowonline.qa.testcases.UlogoMyassignmentsPageTest" name="UlogoMyassignmentsPage" time="105.439"/>
  <system-out/>
</testsuite> <!-- com.nowonline.qa.testcases.UlogoMyassignmentsPageTest -->
