<?xml version="1.0" encoding="UTF-8"?>
<!-- Generated by org.testng.reporters.JUnitReportReporter -->
<testsuite hostname="NO-002-QA" failures="0" tests="1" name="com.nowonline.qa.testcases.MatchPageAdminTest" time="324.825" errors="0" timestamp="2023-12-28T16:57:16 IST" skipped="0">
  <testcase classname="com.nowonline.qa.testcases.MatchPageAdminTest" name="match" time="324.825"/>
  <system-out/>
</testsuite> <!-- com.nowonline.qa.testcases.MatchPageAdminTest -->
