<?xml version="1.0" encoding="UTF-8"?>
<!-- Generated by org.testng.reporters.JUnitReportReporter -->
<testsuite hostname="Tarun" failures="0" tests="2" name="com.nowonline.qa.testcases.AddCommandPageTest" time="98.584" errors="0" timestamp="2023-07-06T19:45:02 IST" skipped="0">
  <testcase classname="com.nowonline.qa.testcases.AddCommandPageTest" name="addCommandPageTitleTest" time="39.984"/>
  <system-out/>
  <testcase classname="com.nowonline.qa.testcases.AddCommandPageTest" name="uploadFileTest" time="58.600"/>
  <system-out/>
</testsuite> <!-- com.nowonline.qa.testcases.AddCommandPageTest -->
