<?xml version="1.0" encoding="UTF-8"?>
<!-- Generated by org.testng.reporters.JUnitReportReporter -->
<testsuite hostname="Tarun" failures="0" tests="3" name="com.nowonline.qa.testcases.HomePageTest" time="125.383" errors="0" timestamp="2023-07-04T19:43:48 IST" skipped="0">
  <testcase classname="com.nowonline.qa.testcases.HomePageTest" name="homePageTitleTest" time="51.551"/>
  <system-out/>
  <testcase classname="com.nowonline.qa.testcases.HomePageTest" name="verifyImageLogoTest" time="37.918"/>
  <system-out/>
  <testcase classname="com.nowonline.qa.testcases.HomePageTest" name="clickMyAssignmentsLinkTest" time="35.914"/>
  <system-out/>
</testsuite> <!-- com.nowonline.qa.testcases.HomePageTest -->
