<?xml version="1.0" encoding="UTF-8"?>
<!-- Generated by org.testng.reporters.JUnitReportReporter -->
<testsuite hostname="NO-002-QA" failures="0" tests="1" name="com.nowonline.qa.testcases.CommunityPageAdminTest" time="110.932" errors="0" timestamp="2023-12-27T20:26:12 IST" skipped="0">
  <testcase classname="com.nowonline.qa.testcases.CommunityPageAdminTest" name="community" time="110.932"/>
  <system-out/>
</testsuite> <!-- com.nowonline.qa.testcases.CommunityPageAdminTest -->
