<?xml version="1.0" encoding="UTF-8"?>
<!-- Generated by org.testng.reporters.JUnitReportReporter -->
<testsuite hostname="Tarun" failures="0" tests="1" name="com.nowonline.qa.testcases.UlogoMyprofilePageTest" time="222.975" errors="0" timestamp="2023-08-17T16:10:04 IST" skipped="0">
  <testcase classname="com.nowonline.qa.testcases.UlogoMyprofilePageTest" name="UlogoMyProfilePage" time="222.975"/>
  <system-out/>
</testsuite> <!-- com.nowonline.qa.testcases.UlogoMyprofilePageTest -->
