<?xml version="1.0" encoding="UTF-8"?>
<!-- Generated by org.testng.reporters.JUnitReportReporter -->
<testsuite hostname="Tarun" failures="0" tests="1" name="com.nowonline.qa.testcases.AssignmentsPageFreeTest" time="254.249" errors="0" timestamp="2023-07-31T20:18:35 IST" skipped="0">
  <testcase classname="com.nowonline.qa.testcases.AssignmentsPageFreeTest" name="clickFiltersTest" time="254.249"/>
  <system-out/>
</testsuite> <!-- com.nowonline.qa.testcases.AssignmentsPageFreeTest -->
