<?xml version="1.0" encoding="UTF-8"?>
<!-- Generated by org.testng.reporters.JUnitReportReporter -->
<testsuite hostname="Tarun" failures="0" tests="1" name="com.nowonline.qa.testcases.CommunityPageFreeTest" time="136.132" errors="0" timestamp="2023-07-31T18:39:27 IST" skipped="0">
  <testcase classname="com.nowonline.qa.testcases.CommunityPageFreeTest" name="communityPageFreeTest" time="136.132"/>
  <system-out/>
</testsuite> <!-- com.nowonline.qa.testcases.CommunityPageFreeTest -->
