<?xml version="1.0" encoding="UTF-8"?>
<!-- Generated by org.testng.reporters.JUnitReportReporter -->
<testsuite hostname="Tarun" failures="0" tests="1" name="com.nowonline.qa.testcases.MyNetworkPageFreeTest" time="73.239" errors="0" timestamp="2023-07-10T14:53:44 IST" skipped="0">
  <testcase classname="com.nowonline.qa.testcases.MyNetworkPageFreeTest" name="myNetworkPageFreeTest" time="73.239"/>
  <system-out/>
</testsuite> <!-- com.nowonline.qa.testcases.MyNetworkPageFreeTest -->
