<?xml version="1.0" encoding="UTF-8"?>
<!-- Generated by org.testng.reporters.JUnitReportReporter -->
<testsuite hostname="Tarun" failures="0" tests="1" name="com.nowonline.qa.testcases.MatchPageAdminTest" time="266.524" errors="0" timestamp="2023-08-07T16:03:23 IST" skipped="0">
  <testcase classname="com.nowonline.qa.testcases.MatchPageAdminTest" name="match" time="266.524"/>
  <system-out/>
</testsuite> <!-- com.nowonline.qa.testcases.MatchPageAdminTest -->
