<?xml version="1.0" encoding="UTF-8"?>
<!-- Generated by org.testng.reporters.JUnitReportReporter -->
<testsuite hostname="Tarun" failures="0" tests="1" name="com.nowonline.qa.testcases.HomePageAdminTest" time="41.079" errors="0" timestamp="2023-07-21T18:51:53 IST" skipped="0">
  <testcase classname="com.nowonline.qa.testcases.HomePageAdminTest" name="test" time="41.079"/>
  <system-out/>
</testsuite> <!-- com.nowonline.qa.testcases.HomePageAdminTest -->
