<?xml version="1.0" encoding="UTF-8"?>
<!-- Generated by org.testng.reporters.JUnitReportReporter -->
<testsuite hostname="Tarun" failures="0" tests="2" name="com.nowonline.qa.testcases.CheckCommandPageTest" time="100.553" errors="0" timestamp="2023-07-06T20:03:36 IST" skipped="0">
  <testcase classname="com.nowonline.qa.testcases.CheckCommandPageTest" name="checkCommandPageTitleTest" time="48.135"/>
  <system-out/>
  <testcase classname="com.nowonline.qa.testcases.CheckCommandPageTest" name="checkCommandPageTest" time="52.418"/>
  <system-out/>
</testsuite> <!-- com.nowonline.qa.testcases.CheckCommandPageTest -->
